2018-09-23 21:43:02,192 - SimpleLog4JLogSystem initialized using logfile 'velocity.log'
2018-09-23 21:43:02,192 - ************************************************************** 
2018-09-23 21:43:02,192 - Starting Jakarta Velocity v1.4
2018-09-23 21:43:02,192 - RuntimeInstance initializing.
2018-09-23 21:43:02,193 - Default Properties File: org\apache\velocity\runtime\defaults\velocity.properties
2018-09-23 21:43:02,193 - Trying to use logger class org.apache.velocity.runtime.log.SimpleLog4JLogSystem
2018-09-23 21:43:02,193 - Using logger class org.apache.velocity.runtime.log.SimpleLog4JLogSystem
2018-09-23 21:43:02,199 - Default ResourceManager initializing. (class org.apache.velocity.runtime.resource.ResourceManagerImpl)
2018-09-23 21:43:02,206 - Resource Loader Instantiated: org.apache.velocity.runtime.resource.loader.ClasspathResourceLoader
2018-09-23 21:43:02,206 - ClasspathResourceLoader : initialization starting.
2018-09-23 21:43:02,206 - ClasspathResourceLoader : initialization complete.
2018-09-23 21:43:02,210 - ResourceCache : initialized. (class org.apache.velocity.runtime.resource.ResourceCacheImpl)
2018-09-23 21:43:02,210 - Default ResourceManager initialization complete.
2018-09-23 21:43:02,217 - Loaded System Directive: org.apache.velocity.runtime.directive.Literal
2018-09-23 21:43:02,221 - Loaded System Directive: org.apache.velocity.runtime.directive.Macro
2018-09-23 21:43:02,232 - Loaded System Directive: org.apache.velocity.runtime.directive.Parse
2018-09-23 21:43:02,235 - Loaded System Directive: org.apache.velocity.runtime.directive.Include
2018-09-23 21:43:02,237 - Loaded System Directive: org.apache.velocity.runtime.directive.Foreach
2018-09-23 21:43:02,270 - Created: 20 parsers.
2018-09-23 21:43:02,285 - Velocimacro : initialization starting.
2018-09-23 21:43:02,285 - Velocimacro : adding VMs from VM library template : VM_global_library.vm
2018-09-23 21:43:02,300 - ResourceManager : unable to find resource 'VM_global_library.vm' in any resource loader.
2018-09-23 21:43:02,300 - Velocimacro : error using  VM library template VM_global_library.vm : org.apache.velocity.exception.ResourceNotFoundException: Unable to find resource 'VM_global_library.vm'
2018-09-23 21:43:02,300 - Velocimacro :  VM library template macro registration complete.
2018-09-23 21:43:02,300 - Velocimacro : allowInline = true : VMs can be defined inline in templates
2018-09-23 21:43:02,300 - Velocimacro : allowInlineToOverride = false : VMs defined inline may NOT replace previous VM definitions
2018-09-23 21:43:02,300 - Velocimacro : allowInlineLocal = false : VMs defined inline will be  global in scope if allowed.
2018-09-23 21:43:02,300 - Velocimacro : messages on  : VM system will output logging messages
2018-09-23 21:43:02,300 - Velocimacro : autoload off  : VM system will not automatically reload global library macros
2018-09-23 21:43:02,300 - Velocimacro : initialization complete.
2018-09-23 21:43:02,300 - Velocity successfully started.
